17/5/2019 -- 14:38:43 - <Notice> - This is Suricata version 3.0 RELEASE
17/5/2019 -- 14:38:43 - <Error> - [ERRCODE: SC_ERR_INVALID_SIGNATURE(39)] - app-layer-event keyword supplied with unknown protocol "dnp3"
17/5/2019 -- 14:38:43 - <Error> - [ERRCODE: SC_ERR_INVALID_SIGNATURE(39)] - error parsing signature "alert tcp $HOME_NET any <> $HOME_NET 20000 (msg:"SURICATA DNP3 Request flood detected";       app-layer-event:dnp3.flooded; classtype:protocol-command-decode; sid:2270000; rev:2;)" from file /etc/suricata/rules/dnp3.rules at line 7
17/5/2019 -- 14:38:43 - <Error> - [ERRCODE: SC_ERR_INVALID_SIGNATURE(39)] - app-layer-event keyword supplied with unknown protocol "dnp3"
17/5/2019 -- 14:38:43 - <Error> - [ERRCODE: SC_ERR_INVALID_SIGNATURE(39)] - error parsing signature "alert tcp $HOME_NET any <> $HOME_NET 20000 (msg:"SURICATA DNP3 Length too small";       app-layer-event:dnp3.len_too_small; classtype:protocol-command-decode; sid:2270001; rev:3;)" from file /etc/suricata/rules/dnp3.rules at line 13
17/5/2019 -- 14:38:43 - <Error> - [ERRCODE: SC_ERR_INVALID_SIGNATURE(39)] - app-layer-event keyword supplied with unknown protocol "dnp3"
17/5/2019 -- 14:38:43 - <Error> - [ERRCODE: SC_ERR_INVALID_SIGNATURE(39)] - error parsing signature "alert tcp $HOME_NET any <> $HOME_NET 20000 (msg:"SURICATA DNP3 Bad link CRC";       app-layer-event:dnp3.bad_link_crc; classtype:protocol-command-decode; sid:2270002; rev:2;)" from file /etc/suricata/rules/dnp3.rules at line 17
17/5/2019 -- 14:38:43 - <Error> - [ERRCODE: SC_ERR_INVALID_SIGNATURE(39)] - app-layer-event keyword supplied with unknown protocol "dnp3"
17/5/2019 -- 14:38:43 - <Error> - [ERRCODE: SC_ERR_INVALID_SIGNATURE(39)] - error parsing signature "alert tcp $HOME_NET any <> $HOME_NET 20000 (msg:"SURICATA DNP3 Bad transport CRC";       app-layer-event:dnp3.bad_transport_crc; classtype:protocol-command-decode; sid:2270003; rev:2;)" from file /etc/suricata/rules/dnp3.rules at line 21
17/5/2019 -- 14:38:43 - <Error> - [ERRCODE: SC_ERR_INVALID_SIGNATURE(39)] - app-layer-event keyword supplied with unknown protocol "dnp3"
17/5/2019 -- 14:38:43 - <Error> - [ERRCODE: SC_ERR_INVALID_SIGNATURE(39)] - error parsing signature "alert tcp $HOME_NET any <> $HOME_NET 20000 (msg:"SURICATA DNP3 Unknown object"; app-layer-event:dnp3.unknown_object; classtype:protocol-command-decode; sid:2270004; rev:2;)" from file /etc/suricata/rules/dnp3.rules at line 25
17/5/2019 -- 14:38:43 - <Error> - [ERRCODE: SC_ERR_UNKNOWN_PROTOCOL(124)] - protocol "modbus" cannot be used in a signature.  Either detection for this protocol supported yet OR detection has been disabled for protocol through the yaml option app-layer.protocols.modbus.detection-enabled
17/5/2019 -- 14:38:43 - <Error> - [ERRCODE: SC_ERR_INVALID_SIGNATURE(39)] - error parsing signature "alert modbus any any -> any any (msg:"SURICATA Modbus invalid Protocol version"; app-layer-event:modbus.invalid_protocol_id; sid:2250001; rev:1;)" from file /etc/suricata/rules/modbus-events.rules at line 2
17/5/2019 -- 14:38:43 - <Error> - [ERRCODE: SC_ERR_UNKNOWN_PROTOCOL(124)] - protocol "modbus" cannot be used in a signature.  Either detection for this protocol supported yet OR detection has been disabled for protocol through the yaml option app-layer.protocols.modbus.detection-enabled
17/5/2019 -- 14:38:43 - <Error> - [ERRCODE: SC_ERR_INVALID_SIGNATURE(39)] - error parsing signature "alert modbus any any -> any any (msg:"SURICATA Modbus unsolicited response"; app-layer-event:modbus.unsolicited_response; sid:2250002; rev:1;)" from file /etc/suricata/rules/modbus-events.rules at line 4
17/5/2019 -- 14:38:43 - <Error> - [ERRCODE: SC_ERR_UNKNOWN_PROTOCOL(124)] - protocol "modbus" cannot be used in a signature.  Either detection for this protocol supported yet OR detection has been disabled for protocol through the yaml option app-layer.protocols.modbus.detection-enabled
17/5/2019 -- 14:38:43 - <Error> - [ERRCODE: SC_ERR_INVALID_SIGNATURE(39)] - error parsing signature "alert modbus any any -> any any (msg:"SURICATA Modbus invalid Length"; app-layer-event:modbus.invalid_length; sid:2250003; rev:1;)" from file /etc/suricata/rules/modbus-events.rules at line 6
17/5/2019 -- 14:38:43 - <Error> - [ERRCODE: SC_ERR_UNKNOWN_PROTOCOL(124)] - protocol "modbus" cannot be used in a signature.  Either detection for this protocol supported yet OR detection has been disabled for protocol through the yaml option app-layer.protocols.modbus.detection-enabled
17/5/2019 -- 14:38:43 - <Error> - [ERRCODE: SC_ERR_INVALID_SIGNATURE(39)] - error parsing signature "alert modbus any any -> any any (msg:"SURICATA Modbus invalid Unit Identifier"; app-layer-event:modbus.invalid_unit_identifier; sid:2250004; rev:1;)" from file /etc/suricata/rules/modbus-events.rules at line 8
17/5/2019 -- 14:38:43 - <Error> - [ERRCODE: SC_ERR_UNKNOWN_PROTOCOL(124)] - protocol "modbus" cannot be used in a signature.  Either detection for this protocol supported yet OR detection has been disabled for protocol through the yaml option app-layer.protocols.modbus.detection-enabled
17/5/2019 -- 14:38:43 - <Error> - [ERRCODE: SC_ERR_INVALID_SIGNATURE(39)] - error parsing signature "alert modbus any any -> any any (msg:"SURICATA Modbus invalid Function code"; app-layer-event:modbus.invalid_function_code; sid:2250005; rev:1;)" from file /etc/suricata/rules/modbus-events.rules at line 10
17/5/2019 -- 14:38:43 - <Error> - [ERRCODE: SC_ERR_UNKNOWN_PROTOCOL(124)] - protocol "modbus" cannot be used in a signature.  Either detection for this protocol supported yet OR detection has been disabled for protocol through the yaml option app-layer.protocols.modbus.detection-enabled
17/5/2019 -- 14:38:43 - <Error> - [ERRCODE: SC_ERR_INVALID_SIGNATURE(39)] - error parsing signature "alert modbus any any -> any any (msg:"SURICATA Modbus invalid Value"; app-layer-event:modbus.invalid_value; sid:2250006; rev:1;)" from file /etc/suricata/rules/modbus-events.rules at line 12
17/5/2019 -- 14:38:43 - <Error> - [ERRCODE: SC_ERR_UNKNOWN_PROTOCOL(124)] - protocol "modbus" cannot be used in a signature.  Either detection for this protocol supported yet OR detection has been disabled for protocol through the yaml option app-layer.protocols.modbus.detection-enabled
17/5/2019 -- 14:38:43 - <Error> - [ERRCODE: SC_ERR_INVALID_SIGNATURE(39)] - error parsing signature "alert modbus any any -> any any (msg:"SURICATA Modbus Exception code invalid"; flow:to_client; app-layer-event:modbus.invalid_exception_code; sid:2250007; rev:1;)" from file /etc/suricata/rules/modbus-events.rules at line 14
17/5/2019 -- 14:38:43 - <Error> - [ERRCODE: SC_ERR_UNKNOWN_PROTOCOL(124)] - protocol "modbus" cannot be used in a signature.  Either detection for this protocol supported yet OR detection has been disabled for protocol through the yaml option app-layer.protocols.modbus.detection-enabled
17/5/2019 -- 14:38:43 - <Error> - [ERRCODE: SC_ERR_INVALID_SIGNATURE(39)] - error parsing signature "alert modbus any any -> any any (msg:"SURICATA Modbus Data mismatch"; flow:to_client; app-layer-event:modbus.value_mismatch; sid:2250008; rev:1;)" from file /etc/suricata/rules/modbus-events.rules at line 16
17/5/2019 -- 14:38:43 - <Error> - [ERRCODE: SC_ERR_UNKNOWN_PROTOCOL(124)] - protocol "modbus" cannot be used in a signature.  Either detection for this protocol supported yet OR detection has been disabled for protocol through the yaml option app-layer.protocols.modbus.detection-enabled
17/5/2019 -- 14:38:43 - <Error> - [ERRCODE: SC_ERR_INVALID_SIGNATURE(39)] - error parsing signature "alert modbus any any -> any any (msg:"SURICATA Modbus Request flood detected"; flow:to_server; app-layer-event:modbus.flooded; sid:2250009; rev:1;)" from file /etc/suricata/rules/modbus-events.rules at line 18
17/5/2019 -- 14:38:43 - <Warning> - [ERRCODE: SC_ERR_NO_RULES(42)] - No rules loaded from /etc/suricata/rules/modbus-events.rules
17/5/2019 -- 14:38:43 - <Warning> - [ERRCODE: SC_ERR_PCAP_CREATE(21)] - Using Pcap capture with GRO or LRO activated can lead to capture problems.
17/5/2019 -- 14:38:43 - <Notice> - all 7 packet processing threads, 4 management threads initialized, engine started.
17/5/2019 -- 14:40:09 - <Error> - [ERRCODE: SC_ERR_PCAP_DISPATCH(20)] - error code -1 The interface went down
17/5/2019 -- 14:40:15 - <Notice> - Signal Received.  Stopping engine.
17/5/2019 -- 14:40:15 - <Notice> - Stats for 'br-d749e61ede1f':  pkts: 374, drop: 0 (0.00%), invalid chksum: 341
